<?xml version="1.0" encoding="UTF-8"?>
<!-- Generated by org.testng.reporters.JUnitXMLReporter -->
<testsuite ignored="0" hostname="DESKTOP-4IMJ5PC" failures="0" tests="11" name="Test" time="0.113" errors="0" timestamp="2023-04-24T19:54:00 IST">
  <testcase classname="test.day1" name="demo" time="0.013"/>
  <testcase classname="test.day1" name="secondTest" time="0.002"/>
  <testcase classname="test.day2" name="ploan" time="0.002"/>
  <testcase classname="test.day3" name="LoginAPICarLoan" time="0.002"/>
  <testcase classname="test.day3" name="MobileLoginCarLoan" time="0.002"/>
  <testcase classname="test.day3" name="MobileSigninCarLoan" time="0.004"/>
  <testcase classname="test.day3" name="MobileSignoutCarLoan" time="0.001"/>
  <testcase classname="test.day3" name="WebLoginCarLoan" time="0.001"/>
  <testcase classname="test.day4" name="LoginAPIHomeLoan" time="0.001"/>
  <testcase classname="test.day4" name="MobileLoginHomeLoan" time="0.001"/>
  <testcase classname="test.day4" name="WebLoginHomeLoan" time="0.001"/>
</testsuite> <!-- Test -->
