<?xml version="1.0" encoding="UTF-8"?>
<!-- Generated by org.testng.reporters.JUnitXMLReporter -->
<testsuite ignored="0" hostname="DESKTOP-4IMJ5PC" failures="0" tests="7" name="Car Loan" time="0.295" errors="0" timestamp="2023-04-25T17:04:36 IST">
  <testcase classname="test.day3" name="MobileLoginCarLoan" time="0.006"/>
  <testcase classname="test.day3" name="MobileSigninCarLoan" time="0.01"/>
  <testcase classname="test.day3" name="MobileSignoutCarLoan" time="0.011"/>
  <testcase classname="test.day3" name="MobileSignoutCarLoan" time="0.019"/>
  <testcase classname="test.day3" name="MobileSignoutCarLoan" time="0.01"/>
  <testcase classname="test.day3" name="WebLoginCarLoan" time="0.012"/>
  <testcase classname="test.day3" name="LoginAPICarLoan" time="0.002"/>
</testsuite> <!-- Car Loan -->
