<?xml version="1.0" encoding="UTF-8"?>
<testng-results ignored="0" total="2" passed="2" failed="0" skipped="0">
  <reporter-output>
  </reporter-output>
  <suite started-at="2023-04-25T23:09:54 IST" name="Default suite" finished-at="2023-04-25T23:09:54 IST" duration-ms="83">
    <groups>
    </groups>
    <test started-at="2023-04-25T23:09:54 IST" name="Default test" finished-at="2023-04-25T23:09:54 IST" duration-ms="83">
      <class name="test.PS1">
        <test-method is-config="true" signature="bfMethod()[pri:0, instance:test.PS1@52102734]" started-at="2023-04-25T23:09:54 IST" name="bfMethod" finished-at="2023-04-25T23:09:54 IST" duration-ms="6" status="PASS">
          <reporter-output>
          </reporter-output>
        </test-method> <!-- bfMethod -->
        <test-method signature="toDO()[pri:0, instance:test.PS1@52102734]" started-at="2023-04-25T23:09:54 IST" name="toDO" finished-at="2023-04-25T23:09:54 IST" duration-ms="8" status="PASS">
          <reporter-output>
          </reporter-output>
        </test-method> <!-- toDO -->
        <test-method is-config="true" signature="afMethod()[pri:0, instance:test.PS1@52102734]" started-at="2023-04-25T23:09:54 IST" name="afMethod" finished-at="2023-04-25T23:09:54 IST" duration-ms="1" status="PASS">
          <reporter-output>
          </reporter-output>
        </test-method> <!-- afMethod -->
        <test-method is-config="true" signature="bfMethod()[pri:0, instance:test.PS1@52102734]" started-at="2023-04-25T23:09:54 IST" name="bfMethod" finished-at="2023-04-25T23:09:54 IST" duration-ms="0" status="PASS">
          <reporter-output>
          </reporter-output>
        </test-method> <!-- bfMethod -->
        <test-method signature="testRun()[pri:0, instance:test.PS1@52102734]" started-at="2023-04-25T23:09:54 IST" name="testRun" finished-at="2023-04-25T23:09:54 IST" duration-ms="17" status="PASS">
          <reporter-output>
          </reporter-output>
        </test-method> <!-- testRun -->
        <test-method is-config="true" signature="afMethod()[pri:0, instance:test.PS1@52102734]" started-at="2023-04-25T23:09:54 IST" name="afMethod" finished-at="2023-04-25T23:09:54 IST" duration-ms="0" status="PASS">
          <reporter-output>
          </reporter-output>
        </test-method> <!-- afMethod -->
      </class> <!-- test.PS1 -->
    </test> <!-- Default test -->
  </suite> <!-- Default suite -->
</testng-results>
